TN:
SF:controllers/cartController.js
FN:3,(anonymous_0)
FN:20,(anonymous_1)
FN:37,(anonymous_2)
FNF:3
FNH:0
FNDA:0,(anonymous_0)
FNDA:0,(anonymous_1)
FNDA:0,(anonymous_2)
DA:1,0
DA:3,0
DA:4,0
DA:5,0
DA:6,0
DA:8,0
DA:10,0
DA:15,0
DA:16,0
DA:20,0
DA:21,0
DA:22,0
DA:23,0
DA:25,0
DA:27,0
DA:32,0
DA:33,0
DA:37,0
DA:38,0
DA:39,0
DA:40,0
DA:42,0
DA:47,0
DA:51,0
LF:24
LH:0
BRDA:15,0,0,0
BRDA:15,0,1,0
BRDA:32,1,0,0
BRDA:32,1,1,0
BRF:4
BRH:0
end_of_record
TN:
SF:controllers/productsController.js
FN:3,(anonymous_0)
FN:15,(anonymous_1)
FN:27,(anonymous_2)
FNF:3
FNH:0
FNDA:0,(anonymous_0)
FNDA:0,(anonymous_1)
FNDA:0,(anonymous_2)
DA:1,0
DA:3,0
DA:4,0
DA:5,0
DA:6,0
DA:11,0
DA:15,0
DA:16,0
DA:17,0
DA:18,0
DA:23,0
DA:27,0
DA:28,0
DA:29,0
DA:30,0
DA:31,0
DA:36,0
DA:40,0
LF:18
LH:0
BRF:0
BRH:0
end_of_record
TN:
SF:controllers/usersController.js
FN:3,(anonymous_0)
FN:15,(anonymous_1)
FN:27,(anonymous_2)
FNF:3
FNH:0
FNDA:0,(anonymous_0)
FNDA:0,(anonymous_1)
FNDA:0,(anonymous_2)
DA:1,0
DA:3,0
DA:4,0
DA:5,0
DA:6,0
DA:11,0
DA:15,0
DA:16,0
DA:17,0
DA:18,0
DA:23,0
DA:27,0
DA:28,0
DA:29,0
DA:30,0
DA:31,0
DA:36,0
DA:40,0
LF:18
LH:0
BRF:0
BRH:0
end_of_record
TN:
SF:repositories/cartRepository.js
FN:4,(anonymous_0)
FN:12,(anonymous_1)
FN:20,(anonymous_2)
FN:33,(anonymous_3)
FN:50,(anonymous_4)
FN:61,(anonymous_5)
FN:79,(anonymous_6)
FN:86,(anonymous_7)
FN:95,(anonymous_8)
FN:111,(anonymous_9)
FN:119,(anonymous_10)
FNF:11
FNH:0
FNDA:0,(anonymous_0)
FNDA:0,(anonymous_1)
FNDA:0,(anonymous_2)
FNDA:0,(anonymous_3)
FNDA:0,(anonymous_4)
FNDA:0,(anonymous_5)
FNDA:0,(anonymous_6)
FNDA:0,(anonymous_7)
FNDA:0,(anonymous_8)
FNDA:0,(anonymous_9)
FNDA:0,(anonymous_10)
DA:1,0
DA:5,0
DA:6,0
DA:8,0
DA:13,0
DA:14,0
DA:16,0
DA:21,0
DA:22,0
DA:23,0
DA:24,0
DA:26,0
DA:27,0
DA:29,0
DA:34,0
DA:35,0
DA:36,0
DA:37,0
DA:41,0
DA:42,0
DA:44,0
DA:46,0
DA:51,0
DA:52,0
DA:54,0
DA:56,0
DA:60,0
DA:61,0
DA:64,0
DA:66,0
DA:69,0
DA:72,0
DA:73,0
DA:75,0
DA:80,0
DA:81,0
DA:82,0
DA:83,0
DA:86,0
DA:87,0
DA:89,0
DA:91,0
DA:96,0
DA:97,0
DA:98,0
DA:99,0
DA:102,0
DA:103,0
DA:105,0
DA:107,0
DA:112,0
DA:113,0
DA:115,0
DA:120,0
DA:121,0
DA:122,0
DA:124,0
DA:129,0
LF:58
LH:0
BRDA:26,0,0,0
BRDA:26,0,1,0
BRDA:36,1,0,0
BRDA:36,1,1,0
BRDA:41,2,0,0
BRDA:41,2,1,0
BRDA:54,3,0,0
BRDA:54,3,1,0
BRDA:64,4,0,0
BRDA:64,4,1,0
BRDA:66,5,0,0
BRDA:66,5,1,0
BRDA:82,6,0,0
BRDA:82,6,1,0
BRDA:98,7,0,0
BRDA:98,7,1,0
BRF:16
BRH:0
end_of_record
TN:
SF:repositories/productsRepository.js
FN:4,(anonymous_0)
FN:12,(anonymous_1)
FN:20,(anonymous_2)
FN:28,(anonymous_3)
FN:36,(anonymous_4)
FN:45,(anonymous_5)
FN:57,(anonymous_6)
FN:65,(anonymous_7)
FNF:8
FNH:0
FNDA:0,(anonymous_0)
FNDA:0,(anonymous_1)
FNDA:0,(anonymous_2)
FNDA:0,(anonymous_3)
FNDA:0,(anonymous_4)
FNDA:0,(anonymous_5)
FNDA:0,(anonymous_6)
FNDA:0,(anonymous_7)
DA:1,1
DA:5,0
DA:6,0
DA:8,0
DA:13,0
DA:14,0
DA:16,0
DA:21,0
DA:22,0
DA:24,0
DA:29,0
DA:30,0
DA:32,0
DA:37,0
DA:38,0
DA:39,0
DA:41,0
DA:46,0
DA:47,0
DA:53,0
DA:58,0
DA:59,0
DA:61,0
DA:66,0
DA:67,0
DA:68,0
DA:70,0
DA:75,1
LF:28
LH:2
BRF:0
BRH:0
end_of_record
TN:
SF:repositories/usersRepository.js
FN:4,(anonymous_0)
FN:12,(anonymous_1)
FN:20,(anonymous_2)
FN:32,(anonymous_3)
FN:41,(anonymous_4)
FN:53,(anonymous_5)
FNF:6
FNH:0
FNDA:0,(anonymous_0)
FNDA:0,(anonymous_1)
FNDA:0,(anonymous_2)
FNDA:0,(anonymous_3)
FNDA:0,(anonymous_4)
FNDA:0,(anonymous_5)
DA:1,0
DA:5,0
DA:6,0
DA:8,0
DA:13,0
DA:14,0
DA:16,0
DA:21,0
DA:22,0
DA:23,0
DA:25,0
DA:26,0
DA:28,0
DA:33,0
DA:34,0
DA:35,0
DA:37,0
DA:42,0
DA:43,0
DA:49,0
DA:54,0
DA:55,0
DA:57,0
DA:62,0
LF:24
LH:0
BRDA:25,0,0,0
BRDA:25,0,1,0
BRF:2
BRH:0
end_of_record
TN:
SF:services/cartService.js
FN:5,(anonymous_0)
FN:21,(anonymous_1)
FN:37,(anonymous_2)
FN:48,(anonymous_3)
FN:63,(anonymous_4)
FN:77,(anonymous_5)
FN:85,(anonymous_6)
FN:98,(anonymous_7)
FN:106,(anonymous_8)
FNF:9
FNH:4
FNDA:0,(anonymous_0)
FNDA:0,(anonymous_1)
FNDA:0,(anonymous_2)
FNDA:0,(anonymous_3)
FNDA:0,(anonymous_4)
FNDA:2,(anonymous_5)
FNDA:4,(anonymous_6)
FNDA:2,(anonymous_7)
FNDA:1,(anonymous_8)
DA:1,1
DA:2,1
DA:6,0
DA:7,0
DA:10,0
DA:11,0
DA:12,0
DA:15,0
DA:17,0
DA:18,0
DA:21,0
DA:23,0
DA:24,0
DA:26,0
DA:34,0
DA:38,0
DA:39,0
DA:42,0
DA:44,0
DA:45,0
DA:48,0
DA:50,0
DA:51,0
DA:54,0
DA:55,0
DA:57,0
DA:60,0
DA:64,0
DA:66,0
DA:67,0
DA:73,0
DA:78,2
DA:79,2
DA:80,1
DA:82,1
DA:87,4
DA:88,1
DA:91,3
DA:92,1
DA:95,2
DA:99,2
DA:100,1
DA:103,1
DA:107,1
DA:111,1
LF:45
LH:16
BRDA:6,0,0,0
BRDA:6,0,1,0
BRDA:11,1,0,0
BRDA:11,1,1,0
BRDA:17,2,0,0
BRDA:17,2,1,0
BRDA:23,3,0,0
BRDA:23,3,1,0
BRDA:38,4,0,0
BRDA:38,4,1,0
BRDA:44,5,0,0
BRDA:44,5,1,0
BRDA:50,6,0,0
BRDA:50,6,1,0
BRDA:54,7,0,0
BRDA:54,7,1,0
BRDA:66,8,0,0
BRDA:66,8,1,0
BRDA:79,9,0,1
BRDA:79,9,1,1
BRDA:87,10,0,1
BRDA:87,10,1,3
BRDA:87,11,0,4
BRDA:87,11,1,3
BRDA:87,11,2,3
BRDA:91,12,0,1
BRDA:91,12,1,2
BRDA:99,13,0,1
BRDA:99,13,1,1
BRF:29
BRH:11
end_of_record
TN:
SF:services/productsService.js
FN:4,(anonymous_0)
FN:34,(anonymous_1)
FN:38,(anonymous_2)
FN:46,(anonymous_3)
FNF:4
FNH:3
FNDA:5,(anonymous_0)
FNDA:2,(anonymous_1)
FNDA:0,(anonymous_2)
FNDA:2,(anonymous_3)
DA:1,1
DA:5,5
DA:7,5
DA:8,1
DA:12,4
DA:13,0
DA:16,4
DA:17,2
DA:20,2
DA:21,0
DA:24,2
DA:31,2
DA:35,2
DA:39,0
DA:40,0
DA:41,0
DA:43,0
DA:47,2
DA:51,1
LF:19
LH:13
BRDA:7,0,0,1
BRDA:7,0,1,4
BRDA:7,1,0,5
BRDA:7,1,1,4
BRDA:7,1,2,4
BRDA:12,2,0,0
BRDA:12,2,1,4
BRDA:12,3,0,4
BRDA:12,3,1,4
BRDA:12,3,2,4
BRDA:16,4,0,2
BRDA:16,4,1,2
BRDA:16,5,0,4
BRDA:16,5,1,4
BRDA:20,6,0,0
BRDA:20,6,1,2
BRDA:40,7,0,0
BRDA:40,7,1,0
BRF:18
BRH:14
end_of_record
TN:
SF:services/usersService.js
FN:4,(anonymous_0)
FN:29,(anonymous_1)
FN:33,(anonymous_2)
FNF:3
FNH:3
FNDA:5,(anonymous_0)
FNDA:2,(anonymous_1)
FNDA:2,(anonymous_2)
DA:1,1
DA:5,5
DA:7,5
DA:8,2
DA:11,3
DA:12,1
DA:15,2
DA:16,1
DA:19,1
DA:26,1
DA:30,2
DA:34,2
DA:35,2
DA:36,1
DA:38,1
DA:42,1
LF:16
LH:16
BRDA:7,0,0,2
BRDA:7,0,1,3
BRDA:7,1,0,5
BRDA:7,1,1,4
BRDA:7,1,2,4
BRDA:7,1,3,3
BRDA:11,2,0,1
BRDA:11,2,1,2
BRDA:11,3,0,3
BRDA:11,3,1,1
BRDA:15,4,0,1
BRDA:15,4,1,1
BRDA:35,5,0,1
BRDA:35,5,1,1
BRF:14
BRH:14
end_of_record
