TN:
SF:controllers\cartController.js
FN:3,(anonymous_0)
FN:17,(anonymous_1)
FN:34,(anonymous_2)
FN:50,(anonymous_3)
FNF:4
FNH:4
FNDA:2,(anonymous_0)
FNDA:3,(anonymous_1)
FNDA:2,(anonymous_2)
FNDA:2,(anonymous_3)
DA:1,1
DA:3,1
DA:4,2
DA:5,2
DA:6,2
DA:8,1
DA:13,1
DA:17,1
DA:18,3
DA:19,3
DA:20,3
DA:22,3
DA:24,1
DA:29,2
DA:30,2
DA:34,1
DA:35,2
DA:36,2
DA:38,2
DA:40,1
DA:45,1
DA:46,1
DA:50,1
DA:51,2
DA:52,2
DA:53,2
DA:55,1
DA:60,1
DA:64,1
LF:29
LH:29
BRDA:29,0,0,1
BRDA:29,0,1,1
BRDA:45,1,0,1
BRDA:45,1,1,0
BRF:4
BRH:3
end_of_record
TN:
SF:controllers\productsController.js
FN:3,(anonymous_0)
FN:15,(anonymous_1)
FN:27,(anonymous_2)
FN:40,(anonymous_3)
FNF:4
FNH:4
FNDA:2,(anonymous_0)
FNDA:2,(anonymous_1)
FNDA:2,(anonymous_2)
FNDA:2,(anonymous_3)
DA:1,1
DA:3,1
DA:4,2
DA:5,2
DA:6,1
DA:11,1
DA:15,1
DA:16,2
DA:17,2
DA:18,1
DA:23,1
DA:27,1
DA:28,2
DA:29,2
DA:30,2
DA:31,1
DA:36,1
DA:40,1
DA:41,2
DA:42,2
DA:43,2
DA:44,2
DA:49,0
DA:53,1
LF:24
LH:23
BRF:0
BRH:0
end_of_record
TN:
SF:controllers\usersController.js
FN:3,(anonymous_0)
FN:15,(anonymous_1)
FN:27,(anonymous_2)
FNF:3
FNH:3
FNDA:2,(anonymous_0)
FNDA:2,(anonymous_1)
FNDA:2,(anonymous_2)
DA:1,1
DA:3,1
DA:4,2
DA:5,2
DA:6,1
DA:11,1
DA:15,1
DA:16,2
DA:17,2
DA:18,1
DA:23,1
DA:27,1
DA:28,2
DA:29,2
DA:30,2
DA:31,1
DA:36,1
DA:40,1
LF:18
LH:18
BRF:0
BRH:0
end_of_record
TN:
SF:repositories\cartRepository.js
FN:8,(anonymous_0)
FN:23,(anonymous_1)
FN:38,(anonymous_2)
FN:49,(anonymous_3)
FN:70,(anonymous_4)
FN:77,(anonymous_5)
FN:78,(anonymous_6)
FN:103,(anonymous_7)
FNF:8
FNH:5
FNDA:2,(anonymous_0)
FNDA:2,(anonymous_1)
FNDA:0,(anonymous_2)
FNDA:3,(anonymous_3)
FNDA:2,(anonymous_4)
FNDA:0,(anonymous_5)
FNDA:0,(anonymous_6)
FNDA:2,(anonymous_7)
DA:1,1
DA:9,2
DA:10,2
DA:11,2
DA:13,0
DA:14,0
DA:24,2
DA:25,2
DA:26,2
DA:28,0
DA:29,0
DA:41,0
DA:50,3
DA:51,3
DA:57,3
DA:58,2
DA:60,1
DA:61,1
DA:71,2
DA:73,2
DA:74,1
DA:77,1
DA:78,1
DA:81,2
DA:87,2
DA:88,1
DA:91,1
DA:93,1
DA:94,1
DA:104,2
DA:105,2
DA:106,2
DA:108,0
DA:109,0
DA:114,1
LF:35
LH:28
BRDA:73,0,0,1
BRDA:73,0,1,1
BRDA:73,1,0,2
BRDA:73,1,1,1
BRDA:87,2,0,1
BRDA:87,2,1,1
BRF:6
BRH:6
end_of_record
TN:
SF:repositories\productsRepository.js
FN:8,(anonymous_0)
FN:23,(anonymous_1)
FN:38,(anonymous_2)
FN:53,(anonymous_3)
FN:69,(anonymous_4)
FNF:5
FNH:5
FNDA:2,(anonymous_0)
FNDA:2,(anonymous_1)
FNDA:2,(anonymous_2)
FNDA:1,(anonymous_3)
FNDA:2,(anonymous_4)
DA:1,1
DA:9,2
DA:10,2
DA:11,2
DA:13,0
DA:14,0
DA:24,2
DA:25,2
DA:26,2
DA:28,0
DA:29,0
DA:39,2
DA:40,2
DA:41,2
DA:43,0
DA:44,0
DA:54,1
DA:55,1
DA:56,1
DA:57,1
DA:59,0
DA:60,0
DA:70,2
DA:71,2
DA:72,2
DA:74,0
DA:75,0
DA:80,1
LF:28
LH:18
BRF:0
BRH:0
end_of_record
TN:
SF:repositories\usersRepository.js
FN:8,(anonymous_0)
FN:23,(anonymous_1)
FN:38,(anonymous_2)
FN:54,(anonymous_3)
FNF:4
FNH:4
FNDA:2,(anonymous_0)
FNDA:2,(anonymous_1)
FNDA:3,(anonymous_2)
FNDA:2,(anonymous_3)
DA:1,2
DA:9,2
DA:10,2
DA:11,2
DA:13,0
DA:14,0
DA:24,2
DA:25,2
DA:26,2
DA:28,0
DA:29,0
DA:39,3
DA:40,3
DA:41,3
DA:42,2
DA:44,1
DA:45,1
DA:55,2
DA:56,2
DA:57,2
DA:59,0
DA:60,0
DA:65,2
LF:23
LH:17
BRF:0
BRH:0
end_of_record
TN:
SF:services\cartService.js
FN:8,(anonymous_0)
FN:27,(anonymous_1)
FN:39,(anonymous_2)
FN:51,(anonymous_3)
FN:79,(anonymous_4)
FN:91,(anonymous_5)
FN:105,(anonymous_6)
FNF:7
FNH:6
FNDA:2,(anonymous_0)
FNDA:4,(anonymous_1)
FNDA:4,(anonymous_2)
FNDA:0,(anonymous_3)
FNDA:2,(anonymous_4)
FNDA:1,(anonymous_5)
FNDA:1,(anonymous_6)
DA:1,1
DA:2,1
DA:9,2
DA:10,2
DA:13,2
DA:14,1
DA:17,2
DA:19,0
DA:20,0
DA:28,4
DA:29,1
DA:31,3
DA:32,1
DA:40,4
DA:41,4
DA:44,2
DA:45,2
DA:46,0
DA:50,2
DA:51,0
DA:54,2
DA:56,0
DA:59,2
DA:68,2
DA:69,2
DA:71,2
DA:72,2
DA:80,2
DA:81,2
DA:82,1
DA:85,1
DA:86,1
DA:87,0
DA:91,1
DA:94,1
DA:95,1
DA:97,1
DA:98,1
DA:106,1
DA:107,1
DA:108,1
DA:109,0
DA:113,1
DA:114,1
DA:115,1
DA:118,1
DA:119,1
DA:121,0
DA:122,0
DA:127,1
LF:50
LH:41
BRDA:13,0,0,1
BRDA:13,0,1,1
BRDA:28,1,0,1
BRDA:28,1,1,3
BRDA:28,2,0,4
BRDA:28,2,1,4
BRDA:28,2,2,3
BRDA:28,2,3,3
BRDA:31,3,0,1
BRDA:31,3,1,2
BRDA:45,4,0,0
BRDA:45,4,1,2
BRDA:54,5,0,0
BRDA:54,5,1,2
BRDA:61,6,0,2
BRDA:61,6,1,0
BRDA:81,7,0,1
BRDA:81,7,1,1
BRDA:86,8,0,0
BRDA:86,8,1,1
BRDA:108,9,0,0
BRDA:108,9,1,1
BRF:22
BRH:17
end_of_record
TN:
SF:services\productsService.js
FN:4,(anonymous_0)
FN:35,(anonymous_1)
FN:39,(anonymous_2)
FN:47,(anonymous_3)
FNF:4
FNH:3
FNDA:5,(anonymous_0)
FNDA:2,(anonymous_1)
FNDA:0,(anonymous_2)
FNDA:2,(anonymous_3)
DA:1,1
DA:5,5
DA:7,5
DA:8,1
DA:12,4
DA:13,0
DA:16,4
DA:17,2
DA:20,2
DA:21,2
DA:22,0
DA:25,2
DA:32,2
DA:36,2
DA:40,0
DA:41,0
DA:42,0
DA:44,0
DA:48,2
DA:52,1
LF:20
LH:14
BRDA:7,0,0,1
BRDA:7,0,1,4
BRDA:7,1,0,5
BRDA:7,1,1,4
BRDA:7,1,2,4
BRDA:12,2,0,0
BRDA:12,2,1,4
BRDA:12,3,0,4
BRDA:12,3,1,4
BRDA:12,3,2,4
BRDA:16,4,0,2
BRDA:16,4,1,2
BRDA:16,5,0,4
BRDA:16,5,1,4
BRDA:21,6,0,0
BRDA:21,6,1,2
BRDA:41,7,0,0
BRDA:41,7,1,0
BRF:18
BRH:14
end_of_record
TN:
SF:services\usersService.js
FN:4,(anonymous_0)
FN:30,(anonymous_1)
FN:34,(anonymous_2)
FNF:3
FNH:3
FNDA:5,(anonymous_0)
FNDA:2,(anonymous_1)
FNDA:2,(anonymous_2)
DA:1,1
DA:5,5
DA:7,5
DA:8,2
DA:11,3
DA:12,1
DA:15,2
DA:16,2
DA:17,1
DA:20,1
DA:27,1
DA:31,2
DA:35,2
DA:36,2
DA:37,1
DA:39,1
DA:43,1
LF:17
LH:17
BRDA:7,0,0,2
BRDA:7,0,1,3
BRDA:7,1,0,5
BRDA:7,1,1,4
BRDA:7,1,2,4
BRDA:7,1,3,3
BRDA:11,2,0,1
BRDA:11,2,1,2
BRDA:11,3,0,3
BRDA:11,3,1,1
BRDA:16,4,0,1
BRDA:16,4,1,1
BRDA:36,5,0,1
BRDA:36,5,1,1
BRF:14
BRH:14
end_of_record
